<?xml version="1.0" encoding="UTF-8"?>
<!-- Generated by org.testng.reporters.JUnitXMLReporter -->
<testsuite hostname="LAPTOP-U08S3ANA" ignored="0" name="Free CRM App Test Cases" tests="5" failures="0" timestamp="14 Apr 2020 10:56:34 GMT" time="65.625" errors="0">
  <testcase name="ValidateLandingPageTitleTest" time="0.017" classname="com.crm.testcases.LandingPageTest"/>
  <testcase name="ValidateLoginPageTitleTest" time="2.098" classname="com.crm.testcases.LoginPageTest"/>
  <testcase name="ValidateHomePageTitleTest" time="1.557" classname="com.crm.testcases.HomePageTest"/>
  <testcase name="VerifyContactLabelTest" time="2.863" classname="com.crm.testcases.ContactsPageTest"/>
  <testcase name="VerifyNewContactLabelTest" time="3.672" classname="com.crm.testcases.NewContactPageTest"/>
</testsuite> <!-- Free CRM App Test Cases -->
