<?xml version="1.0" encoding="UTF-8"?>
<!-- Generated by org.testng.reporters.JUnitXMLReporter -->
<testsuite hostname="LAPTOP-U08S3ANA" ignored="0" name="Free CRM App Test Cases" tests="4" failures="0" timestamp="13 Apr 2020 19:15:03 GMT" time="48.429" errors="0">
  <testcase name="ValidateHomePageTitleTest" time="1.489" classname="com.crm.testcases.HomePageTest"/>
  <testcase name="ValidateLandingPageTitleTest" time="0.039" classname="com.crm.testcases.LandingPageTest"/>
  <testcase name="ValidateLandingPageUrlTest" time="0.005" classname="com.crm.testcases.LandingPageTest"/>
  <testcase name="ValidateHomePageUrlTest" time="2.387" classname="com.crm.testcases.HomePageTest"/>
</testsuite> <!-- Free CRM App Test Cases -->
