<?xml version="1.0" encoding="UTF-8"?>
<!-- Generated by org.testng.reporters.JUnitXMLReporter -->
<testsuite hostname="LAPTOP-U08S3ANA" ignored="0" name="Default test" tests="5" failures="0" timestamp="14 Apr 2020 10:54:43 GMT" time="151.8" errors="0">
  <testcase name="VerifyNewContactLabelTest" time="3.689" classname="com.crm.testcases.NewContactPageTest"/>
  <testcase name="ValidateCreateNewContactTest" time="22.232" classname="com.crm.testcases.NewContactPageTest"/>
  <testcase name="ValidateCreateNewContactTest" time="22.925" classname="com.crm.testcases.NewContactPageTest"/>
  <testcase name="ValidateCreateNewContactTest" time="22.387" classname="com.crm.testcases.NewContactPageTest"/>
  <testcase name="ValidateCreateNewContactTest" time="23.354" classname="com.crm.testcases.NewContactPageTest"/>
</testsuite> <!-- Default test -->
